<html>
<head>
<title>TestNG:  Test</title>
<link href="../testng.css" rel="stylesheet" type="text/css" />
<link href="../my-testng.css" rel="stylesheet" type="text/css" />

<style type="text/css">
.log { display: none;} 
.stack-trace { display: none;} 
</style>
<script type="text/javascript">
<!--
function flip(e) {
  current = e.style.display;
  if (current == 'block') {
    e.style.display = 'none';
    return 0;
  }
  else {
    e.style.display = 'block';
    return 1;
  }
}

function toggleBox(szDivId, elem, msg1, msg2)
{
  var res = -1;  if (document.getElementById) {
    res = flip(document.getElementById(szDivId));
  }
  else if (document.all) {
    // this is the way old msie versions work
    res = flip(document.all[szDivId]);
  }
  if(elem) {
    if(res == 0) elem.innerHTML = msg1; else elem.innerHTML = msg2;
  }

}

function toggleAllBoxes() {
  if (document.getElementsByTagName) {
    d = document.getElementsByTagName('div');
    for (i = 0; i < d.length; i++) {
      if (d[i].className == 'log') {
        flip(d[i]);
      }
    }
  }
}

// -->
</script>

</head>
<body>
<h2 align='center'>Test</h2><table border='1' align="center">
<tr>
<td>Tests passed/Failed/Skipped:</td><td>5/0/3</td>
</tr><tr>
<td>Started on:</td><td>Tue Aug 17 06:25:20 CDT 2021</td>
</tr>
<tr><td>Total time:</td><td>88 seconds (88040 ms)</td>
</tr><tr>
<td>Included groups:</td><td></td>
</tr><tr>
<td>Excluded groups:</td><td></td>
</tr>
</table><p/>
<small><i>(Hover the method name to see the test class name)</i></small><p/>
<table width='100%' border='1' class='invocation-failed'>
<tr><td colspan='4' align='center'><b>FAILED CONFIGURATIONS</b></td></tr>
<tr><td><b>Test method</b></td>
<td width="30%"><b>Exception</b></td>
<td width="10%"><b>Time (seconds)</b></td>
<td><b>Instance</b></td>
</tr>
<tr>
<td title='com.svm.testcases.HomepageTest.setup()'><b>setup</b><br>Test class: com.svm.testcases.HomepageTest</td>
<td><div><pre>org.openqa.selenium.NoSuchWindowException: no such window: target window already closed
from unknown error: web view not found
  (Session info: chrome=92.0.4515.131)
  (Driver info: chromedriver=2.37.543627 (63642262d9fb93fb4ab52398be4286d844092a5e),platform=Windows NT 10.0.17134 x86_64) (WARNING: The server did not provide any stacktrace information)
Command duration or timeout: 0 milliseconds
Build info: version: &apos;3.141.59&apos;, revision: &apos;e82be7d358&apos;, time: &apos;2018-11-14T08:17:03&apos;
System info: host: &apos;SEZ185SVM&apos;, ip: &apos;10.191.47.79&apos;, os.name: &apos;Windows 10&apos;, os.arch: &apos;amd64&apos;, os.version: &apos;10.0&apos;, java.version: &apos;1.8.0_171&apos;
Driver info: org.openqa.selenium.chrome.ChromeDriver
Capabilities {acceptInsecureCerts: false, acceptSslCerts: false, applicationCacheEnabled: false, browserConnectionEnabled: false, browserName: chrome, chrome: {chromedriverVersion: 2.37.543627 (63642262d9fb93..., userDataDir: C:\Users\GAURAV~1.SHA\AppDa...}, cssSelectorsEnabled: true, databaseEnabled: false, handlesAlerts: true, hasTouchScreen: false, javascriptEnabled: true, locationContextEnabled: true, mobileEmulationEnabled: false, nativeEvents: true, networkConnectionEnabled: false, pageLoadStrategy: normal, platform: XP, platformName: XP, rotatable: false, setWindowRect: true, takesHeapSnapshot: true, takesScreenshot: true, unexpectedAlertBehaviour: , unhandledPromptBehavior: , version: 92.0.4515.131, webStorageEnabled: true}
Session ID: 708d40413044102f1ddaf6d4997dfa83
*** Element info: {Using=name, value=userName}
	at org.openqa.selenium.remote.ErrorHandler.createThrowable(ErrorHandler.java:214)
	at org.openqa.selenium.remote.ErrorHandler.throwIfResponseFailed(ErrorHandler.java:166)
	at org.openqa.selenium.remote.http.JsonHttpResponseCodec.reconstructValue(JsonHttpResponseCodec.java:40)
	at org.openqa.selenium.remote.http.AbstractHttpResponseCodec.decode(AbstractHttpResponseCodec.java:80)
	at org.openqa.selenium.remote.http.AbstractHttpResponseCodec.decode(AbstractHttpResponseCodec.java:44)
	at org.openqa.selenium.remote.HttpCommandExecutor.execute(HttpCommandExecutor.java:158)
	at org.openqa.selenium.remote.service.DriverCommandExecutor.execute(DriverCommandExecutor.java:83)
	at org.openqa.selenium.remote.RemoteWebDriver.execute(RemoteWebDriver.java:552)
	at org.openqa.selenium.remote.RemoteWebDriver.findElement(RemoteWebDriver.java:323)
	at org.openqa.selenium.remote.RemoteWebDriver.findElementByName(RemoteWebDriver.java:404)
	at org.openqa.selenium.By$ByName.findElement(By.java:284)
	at org.openqa.selenium.remote.RemoteWebDriver.findElement(RemoteWebDriver.java:315)
	at org.openqa.selenium.support.pagefactory.DefaultElementLocator.findElement(DefaultElementLocator.java:69)
	at org.openqa.selenium.support.pagefactory.internal.LocatingElementHandler.invoke(LocatingElementHandler.java:38)
	at com.sun.proxy.$Proxy11.clear(Unknown Source)
	at com.svm.pages.LoginPage.Login(LoginPage.java:46)
	at com.svm.testcases.LoginpageTest.verifyLogin(LoginpageTest.java:56)
	at com.svm.testcases.HomepageTest.setup(HomepageTest.java:30)
... Removed 30 stack frames</pre></div><a href='#' onClick='toggleBox("stack-trace2036360618", this, "Click to show all stack frames", "Click to hide stack frames")'>Click to show all stack frames</a>
<div class='stack-trace' id='stack-trace2036360618'><pre>org.openqa.selenium.NoSuchWindowException: no such window: target window already closed
from unknown error: web view not found
  (Session info: chrome=92.0.4515.131)
  (Driver info: chromedriver=2.37.543627 (63642262d9fb93fb4ab52398be4286d844092a5e),platform=Windows NT 10.0.17134 x86_64) (WARNING: The server did not provide any stacktrace information)
Command duration or timeout: 0 milliseconds
Build info: version: &apos;3.141.59&apos;, revision: &apos;e82be7d358&apos;, time: &apos;2018-11-14T08:17:03&apos;
System info: host: &apos;SEZ185SVM&apos;, ip: &apos;10.191.47.79&apos;, os.name: &apos;Windows 10&apos;, os.arch: &apos;amd64&apos;, os.version: &apos;10.0&apos;, java.version: &apos;1.8.0_171&apos;
Driver info: org.openqa.selenium.chrome.ChromeDriver
Capabilities {acceptInsecureCerts: false, acceptSslCerts: false, applicationCacheEnabled: false, browserConnectionEnabled: false, browserName: chrome, chrome: {chromedriverVersion: 2.37.543627 (63642262d9fb93..., userDataDir: C:\Users\GAURAV~1.SHA\AppDa...}, cssSelectorsEnabled: true, databaseEnabled: false, handlesAlerts: true, hasTouchScreen: false, javascriptEnabled: true, locationContextEnabled: true, mobileEmulationEnabled: false, nativeEvents: true, networkConnectionEnabled: false, pageLoadStrategy: normal, platform: XP, platformName: XP, rotatable: false, setWindowRect: true, takesHeapSnapshot: true, takesScreenshot: true, unexpectedAlertBehaviour: , unhandledPromptBehavior: , version: 92.0.4515.131, webStorageEnabled: true}
Session ID: 708d40413044102f1ddaf6d4997dfa83
*** Element info: {Using=name, value=userName}
	at sun.reflect.NativeConstructorAccessorImpl.newInstance0(Native Method)
	at sun.reflect.NativeConstructorAccessorImpl.newInstance(NativeConstructorAccessorImpl.java:62)
	at sun.reflect.DelegatingConstructorAccessorImpl.newInstance(DelegatingConstructorAccessorImpl.java:45)
	at java.lang.reflect.Constructor.newInstance(Constructor.java:423)
	at org.openqa.selenium.remote.ErrorHandler.createThrowable(ErrorHandler.java:214)
	at org.openqa.selenium.remote.ErrorHandler.throwIfResponseFailed(ErrorHandler.java:166)
	at org.openqa.selenium.remote.http.JsonHttpResponseCodec.reconstructValue(JsonHttpResponseCodec.java:40)
	at org.openqa.selenium.remote.http.AbstractHttpResponseCodec.decode(AbstractHttpResponseCodec.java:80)
	at org.openqa.selenium.remote.http.AbstractHttpResponseCodec.decode(AbstractHttpResponseCodec.java:44)
	at org.openqa.selenium.remote.HttpCommandExecutor.execute(HttpCommandExecutor.java:158)
	at org.openqa.selenium.remote.service.DriverCommandExecutor.execute(DriverCommandExecutor.java:83)
	at org.openqa.selenium.remote.RemoteWebDriver.execute(RemoteWebDriver.java:552)
	at org.openqa.selenium.remote.RemoteWebDriver.findElement(RemoteWebDriver.java:323)
	at org.openqa.selenium.remote.RemoteWebDriver.findElementByName(RemoteWebDriver.java:404)
	at org.openqa.selenium.By$ByName.findElement(By.java:284)
	at org.openqa.selenium.remote.RemoteWebDriver.findElement(RemoteWebDriver.java:315)
	at org.openqa.selenium.support.pagefactory.DefaultElementLocator.findElement(DefaultElementLocator.java:69)
	at org.openqa.selenium.support.pagefactory.internal.LocatingElementHandler.invoke(LocatingElementHandler.java:38)
	at com.sun.proxy.$Proxy11.clear(Unknown Source)
	at com.svm.pages.LoginPage.Login(LoginPage.java:46)
	at com.svm.testcases.LoginpageTest.verifyLogin(LoginpageTest.java:56)
	at com.svm.testcases.HomepageTest.setup(HomepageTest.java:30)
	at sun.reflect.NativeMethodAccessorImpl.invoke0(Native Method)
	at sun.reflect.NativeMethodAccessorImpl.invoke(NativeMethodAccessorImpl.java:62)
	at sun.reflect.DelegatingMethodAccessorImpl.invoke(DelegatingMethodAccessorImpl.java:43)
	at java.lang.reflect.Method.invoke(Method.java:498)
	at org.testng.internal.MethodInvocationHelper.invokeMethod(MethodInvocationHelper.java:80)
	at org.testng.internal.Invoker.invokeConfigurationMethod(Invoker.java:564)
	at org.testng.internal.Invoker.invokeConfigurations(Invoker.java:213)
	at org.testng.internal.Invoker.invokeMethod(Invoker.java:653)
	at org.testng.internal.Invoker.invokeTestMethod(Invoker.java:901)
	at org.testng.internal.Invoker.invokeTestMethods(Invoker.java:1231)
	at org.testng.internal.TestMethodWorker.invokeTestMethods(TestMethodWorker.java:127)
	at org.testng.internal.TestMethodWorker.run(TestMethodWorker.java:111)
	at org.testng.TestRunner.privateRun(TestRunner.java:767)
	at org.testng.TestRunner.run(TestRunner.java:617)
	at org.testng.SuiteRunner.runTest(SuiteRunner.java:334)
	at org.testng.SuiteRunner.runSequentially(SuiteRunner.java:329)
	at org.testng.SuiteRunner.privateRun(SuiteRunner.java:291)
	at org.testng.SuiteRunner.run(SuiteRunner.java:240)
	at org.testng.SuiteRunnerWorker.runSuite(SuiteRunnerWorker.java:52)
	at org.testng.SuiteRunnerWorker.run(SuiteRunnerWorker.java:86)
	at org.testng.TestNG.runSuitesSequentially(TestNG.java:1198)
	at org.testng.TestNG.runSuitesLocally(TestNG.java:1123)
	at org.testng.TestNG.run(TestNG.java:1031)
	at org.testng.remote.AbstractRemoteTestNG.run(AbstractRemoteTestNG.java:115)
	at org.testng.remote.RemoteTestNG.initAndRun(RemoteTestNG.java:251)
	at org.testng.remote.RemoteTestNG.main(RemoteTestNG.java:77)
</pre></div></td>
<td>0</td>
<td>com.svm.testcases.HomepageTest@4e5ed836</td></tr>
</table><p>
<table width='100%' border='1' class='invocation-skipped'>
<tr><td colspan='4' align='center'><b>SKIPPED CONFIGURATIONS</b></td></tr>
<tr><td><b>Test method</b></td>
<td width="30%"><b>Exception</b></td>
<td width="10%"><b>Time (seconds)</b></td>
<td><b>Instance</b></td>
</tr>
<tr>
<td title='com.svm.testcases.HomepageTest.setup()'><b>setup</b><br>Test class: com.svm.testcases.HomepageTest</td>
<td></td>
<td>0</td>
<td>com.svm.testcases.HomepageTest@4e5ed836</td></tr>
<tr>
<td title='com.svm.testcases.HomepageTest.setup()'><b>setup</b><br>Test class: com.svm.testcases.HomepageTest</td>
<td></td>
<td>0</td>
<td>com.svm.testcases.HomepageTest@4e5ed836</td></tr>
<tr>
<td title='com.svm.testcases.HomepageTest.TearDown()'><b>TearDown</b><br>Test class: com.svm.testcases.HomepageTest</td>
<td></td>
<td>0</td>
<td>com.svm.testcases.HomepageTest@4e5ed836</td></tr>
<tr>
<td title='com.svm.testcases.HomepageTest.tearDown()'><b>tearDown</b><br>Test class: com.svm.testcases.HomepageTest</td>
<td></td>
<td>0</td>
<td>com.svm.testcases.HomepageTest@4e5ed836</td></tr>
<tr>
<td title='com.svm.testcases.HomepageTest.TearDown()'><b>TearDown</b><br>Test class: com.svm.testcases.HomepageTest</td>
<td></td>
<td>0</td>
<td>com.svm.testcases.HomepageTest@4e5ed836</td></tr>
<tr>
<td title='com.svm.testcases.HomepageTest.tearDown()'><b>tearDown</b><br>Test class: com.svm.testcases.HomepageTest</td>
<td></td>
<td>0</td>
<td>com.svm.testcases.HomepageTest@4e5ed836</td></tr>
<tr>
<td title='com.svm.testcases.HomepageTest.TearDown()'><b>TearDown</b><br>Test class: com.svm.testcases.HomepageTest</td>
<td></td>
<td>0</td>
<td>com.svm.testcases.HomepageTest@4e5ed836</td></tr>
<tr>
<td title='com.svm.testcases.HomepageTest.tearDown()'><b>tearDown</b><br>Test class: com.svm.testcases.HomepageTest</td>
<td></td>
<td>0</td>
<td>com.svm.testcases.HomepageTest@4e5ed836</td></tr>
<tr>
<td title='com.svm.testcases.ClientpageTest.endReport()'><b>endReport</b><br>Test class: com.svm.testcases.ClientpageTest</td>
<td></td>
<td>0</td>
<td>null</td></tr>
</table><p>
<table width='100%' border='1' class='invocation-passed'>
<tr><td colspan='4' align='center'><b>PASSED TESTS</b></td></tr>
<tr><td><b>Test method</b></td>
<td width="30%"><b>Exception</b></td>
<td width="10%"><b>Time (seconds)</b></td>
<td><b>Instance</b></td>
</tr>
<tr>
<td title='com.svm.testcases.ClientpageTest.CreateClient()'><b>CreateClient</b><br>Test class: com.svm.testcases.ClientpageTest</td>
<td></td>
<td>30</td>
<td>com.svm.testcases.ClientpageTest@6f53b8a</td></tr>
<tr>
<td title='com.svm.testcases.HomepageTest.ValidateWelcomeImg()'><b>ValidateWelcomeImg</b><br>Test class: com.svm.testcases.HomepageTest</td>
<td></td>
<td>0</td>
<td>com.svm.testcases.HomepageTest@4e5ed836</td></tr>
<tr>
<td title='com.svm.testcases.LoginpageTest.loginpageTitleTest()'><b>loginpageTitleTest</b><br>Test class: com.svm.testcases.LoginpageTest</td>
<td></td>
<td>0</td>
<td>com.svm.testcases.LoginpageTest@740fb309</td></tr>
<tr>
<td title='com.svm.testcases.LoginpageTest.loginpageimgTest()'><b>loginpageimgTest</b><br>Test class: com.svm.testcases.LoginpageTest</td>
<td></td>
<td>0</td>
<td>com.svm.testcases.LoginpageTest@740fb309</td></tr>
<tr>
<td title='com.svm.testcases.LoginpageTest.verifyLogin()'><b>verifyLogin</b><br>Test class: com.svm.testcases.LoginpageTest</td>
<td></td>
<td>2</td>
<td>com.svm.testcases.LoginpageTest@740fb309</td></tr>
</table><p>
<table width='100%' border='1' class='invocation-skipped'>
<tr><td colspan='4' align='center'><b>SKIPPED TESTS</b></td></tr>
<tr><td><b>Test method</b></td>
<td width="30%"><b>Exception</b></td>
<td width="10%"><b>Time (seconds)</b></td>
<td><b>Instance</b></td>
</tr>
<tr>
<td title='com.svm.testcases.HomepageTest.ValidatepageTitle()'><b>ValidatepageTitle</b><br>Test class: com.svm.testcases.HomepageTest</td>
<td></td>
<td>0</td>
<td>com.svm.testcases.HomepageTest@4e5ed836</td></tr>
<tr>
<td title='com.svm.testcases.HomepageTest.verifyClickOnOrder()'><b>verifyClickOnOrder</b><br>Test class: com.svm.testcases.HomepageTest</td>
<td></td>
<td>0</td>
<td>com.svm.testcases.HomepageTest@4e5ed836</td></tr>
<tr>
<td title='com.svm.testcases.HomepageTest.verifyOrderTile()'><b>verifyOrderTile</b><br>Test class: com.svm.testcases.HomepageTest</td>
<td></td>
<td>0</td>
<td>com.svm.testcases.HomepageTest@4e5ed836</td></tr>
</table><p>
</body>
</html>